{'message_id': 1058, 'date': 1612461050, 'chat': {'id': 464137258, 'type': 'private', 'username': 'Gesterezi', 'first_name': 'Никита', 'last_name': 'Кузнецов'}, 'text': '/start', 'entities': [{'type': 'bot_command', 'offset': 0, 'length': 6}], 'caption_entities': [], 'photo': [], 'new_chat_members': [], 'new_chat_photo': [], 'delete_chat_photo': False, 'group_chat_created': False, 'supergroup_chat_created': False, 'channel_chat_created': False, 'from': {'id': 464137258, 'first_name': 'Никита', 'is_bot': False, 'last_name': 'Кузнецов', 'username': 'Gesterezi', 'language_code': 'ru'}}
{'message_id': 1060, 'date': 1612461057, 'chat': {'id': 464137258, 'type': 'private', 'username': 'Gesterezi', 'first_name': 'Никита', 'last_name': 'Кузнецов'}, 'text': 'nmlknmlm', 'entities': [], 'caption_entities': [], 'photo': [], 'new_chat_members': [], 'new_chat_photo': [], 'delete_chat_photo': False, 'group_chat_created': False, 'supergroup_chat_created': False, 'channel_chat_created': False, 'from': {'id': 464137258, 'first_name': 'Никита', 'is_bot': False, 'last_name': 'Кузнецов', 'username': 'Gesterezi', 'language_code': 'ru'}}
None
None
None
{'message_id': 1116, 'date': 1612530875, 'chat': {'id': 464137258, 'type': 'private', 'username': 'Gesterezi', 'first_name': 'Никита', 'last_name': 'Кузнецов'}, 'text': 'dsf', 'entities': [], 'caption_entities': [], 'photo': [], 'new_chat_members': [], 'new_chat_photo': [], 'delete_chat_photo': False, 'group_chat_created': False, 'supergroup_chat_created': False, 'channel_chat_created': False, 'from': {'id': 464137258, 'first_name': 'Никита', 'is_bot': False, 'last_name': 'Кузнецов', 'username': 'Gesterezi', 'language_code': 'ru'}}
None
None
{'message_id': 1120, 'date': 1612530948, 'chat': {'id': 464137258, 'type': 'private', 'username': 'Gesterezi', 'first_name': 'Никита', 'last_name': 'Кузнецов'}, 'text': 'sdfsdf', 'entities': [], 'caption_entities': [], 'photo': [], 'new_chat_members': [], 'new_chat_photo': [], 'delete_chat_photo': False, 'group_chat_created': False, 'supergroup_chat_created': False, 'channel_chat_created': False, 'from': {'id': 464137258, 'first_name': 'Никита', 'is_bot': False, 'last_name': 'Кузнецов', 'username': 'Gesterezi', 'language_code': 'ru'}}
None
None
None
{'message_id': 1124, 'date': 1612533243, 'chat': {'id': 464137258, 'type': 'private', 'username': 'Gesterezi', 'first_name': 'Никита', 'last_name': 'Кузнецов'}, 'text': 'asds', 'entities': [], 'caption_entities': [], 'photo': [], 'new_chat_members': [], 'new_chat_photo': [], 'delete_chat_photo': False, 'group_chat_created': False, 'supergroup_chat_created': False, 'channel_chat_created': False, 'from': {'id': 464137258, 'first_name': 'Никита', 'is_bot': False, 'last_name': 'Кузнецов', 'username': 'Gesterezi', 'language_code': 'ru'}}
None
None
None
{'message_id': 1128, 'date': 1612533261, 'chat': {'id': 464137258, 'type': 'private', 'username': 'Gesterezi', 'first_name': 'Никита', 'last_name': 'Кузнецов'}, 'text': 'asdasda', 'entities': [], 'caption_entities': [], 'photo': [], 'new_chat_members': [], 'new_chat_photo': [], 'delete_chat_photo': False, 'group_chat_created': False, 'supergroup_chat_created': False, 'channel_chat_created': False, 'from': {'id': 464137258, 'first_name': 'Никита', 'is_bot': False, 'last_name': 'Кузнецов', 'username': 'Gesterezi', 'language_code': 'ru'}}
None
None
None
{'message_id': 1132, 'date': 1612533279, 'chat': {'id': 464137258, 'type': 'private', 'username': 'Gesterezi', 'first_name': 'Никита', 'last_name': 'Кузнецов'}, 'text': '/start', 'entities': [{'type': 'bot_command', 'offset': 0, 'length': 6}], 'caption_entities': [], 'photo': [], 'new_chat_members': [], 'new_chat_photo': [], 'delete_chat_photo': False, 'group_chat_created': False, 'supergroup_chat_created': False, 'channel_chat_created': False, 'from': {'id': 464137258, 'first_name': 'Никита', 'is_bot': False, 'last_name': 'Кузнецов', 'username': 'Gesterezi', 'language_code': 'ru'}}
{'message_id': 1136, 'date': 1612533472, 'chat': {'id': 464137258, 'type': 'private', 'username': 'Gesterezi', 'first_name': 'Никита', 'last_name': 'Кузнецов'}, 'text': 'dfsd', 'entities': [], 'caption_entities': [], 'photo': [], 'new_chat_members': [], 'new_chat_photo': [], 'delete_chat_photo': False, 'group_chat_created': False, 'supergroup_chat_created': False, 'channel_chat_created': False, 'from': {'id': 464137258, 'first_name': 'Никита', 'is_bot': False, 'last_name': 'Кузнецов', 'username': 'Gesterezi', 'language_code': 'ru'}}
None
None
{'message_id': 1140, 'date': 1612534315, 'chat': {'id': 464137258, 'type': 'private', 'username': 'Gesterezi', 'first_name': 'Никита', 'last_name': 'Кузнецов'}, 'text': 'Твоыов', 'entities': [], 'caption_entities': [], 'photo': [], 'new_chat_members': [], 'new_chat_photo': [], 'delete_chat_photo': False, 'group_chat_created': False, 'supergroup_chat_created': False, 'channel_chat_created': False, 'from': {'id': 464137258, 'first_name': 'Никита', 'is_bot': False, 'last_name': 'Кузнецов', 'username': 'Gesterezi', 'language_code': 'ru'}}
{'message_id': 1144, 'date': 1612534347, 'chat': {'id': 464137258, 'type': 'private', 'username': 'Gesterezi', 'first_name': 'Никита', 'last_name': 'Кузнецов'}, 'text': 'Куку', 'entities': [], 'caption_entities': [], 'photo': [], 'new_chat_members': [], 'new_chat_photo': [], 'delete_chat_photo': False, 'group_chat_created': False, 'supergroup_chat_created': False, 'channel_chat_created': False, 'from': {'id': 464137258, 'first_name': 'Никита', 'is_bot': False, 'last_name': 'Кузнецов', 'username': 'Gesterezi', 'language_code': 'ru'}}
{'message_id': 1155, 'date': 1612534730, 'chat': {'id': 464137258, 'type': 'private', 'username': 'Gesterezi', 'first_name': 'Никита', 'last_name': 'Кузнецов'}, 'text': 'rerer', 'entities': [], 'caption_entities': [], 'photo': [], 'new_chat_members': [], 'new_chat_photo': [], 'delete_chat_photo': False, 'group_chat_created': False, 'supergroup_chat_created': False, 'channel_chat_created': False, 'from': {'id': 464137258, 'first_name': 'Никита', 'is_bot': False, 'last_name': 'Кузнецов', 'username': 'Gesterezi', 'language_code': 'ru'}}
None
None
None
None
None
None
{'message_id': 1358, 'date': 1612551037, 'chat': {'id': 464137258, 'type': 'private', 'username': 'Gesterezi', 'first_name': 'Никита', 'last_name': 'Кузнецов'}, 'text': 'RER', 'entities': [], 'caption_entities': [], 'photo': [], 'new_chat_members': [], 'new_chat_photo': [], 'delete_chat_photo': False, 'group_chat_created': False, 'supergroup_chat_created': False, 'channel_chat_created': False, 'from': {'id': 464137258, 'first_name': 'Никита', 'is_bot': False, 'last_name': 'Кузнецов', 'username': 'Gesterezi', 'language_code': 'ru'}}
{'message_id': 1369, 'date': 1612551118, 'chat': {'id': 464137258, 'type': 'private', 'username': 'Gesterezi', 'first_name': 'Никита', 'last_name': 'Кузнецов'}, 'text': 'dsfsd', 'entities': [], 'caption_entities': [], 'photo': [], 'new_chat_members': [], 'new_chat_photo': [], 'delete_chat_photo': False, 'group_chat_created': False, 'supergroup_chat_created': False, 'channel_chat_created': False, 'from': {'id': 464137258, 'first_name': 'Никита', 'is_bot': False, 'last_name': 'Кузнецов', 'username': 'Gesterezi', 'language_code': 'ru'}}
{'message_id': 1383, 'date': 1612551710, 'chat': {'id': 464137258, 'type': 'private', 'username': 'Gesterezi', 'first_name': 'Никита', 'last_name': 'Кузнецов'}, 'text': 'asd', 'entities': [], 'caption_entities': [], 'photo': [], 'new_chat_members': [], 'new_chat_photo': [], 'delete_chat_photo': False, 'group_chat_created': False, 'supergroup_chat_created': False, 'channel_chat_created': False, 'from': {'id': 464137258, 'first_name': 'Никита', 'is_bot': False, 'last_name': 'Кузнецов', 'username': 'Gesterezi', 'language_code': 'ru'}}
{'message_id': 1394, 'date': 1612551746, 'chat': {'id': 464137258, 'type': 'private', 'username': 'Gesterezi', 'first_name': 'Никита', 'last_name': 'Кузнецов'}, 'text': 'dsfszcx', 'entities': [], 'caption_entities': [], 'photo': [], 'new_chat_members': [], 'new_chat_photo': [], 'delete_chat_photo': False, 'group_chat_created': False, 'supergroup_chat_created': False, 'channel_chat_created': False, 'from': {'id': 464137258, 'first_name': 'Никита', 'is_bot': False, 'last_name': 'Кузнецов', 'username': 'Gesterezi', 'language_code': 'ru'}}
{'message_id': 1405, 'date': 1612551788, 'chat': {'id': 464137258, 'type': 'private', 'username': 'Gesterezi', 'first_name': 'Никита', 'last_name': 'Кузнецов'}, 'text': 'sdf', 'entities': [], 'caption_entities': [], 'photo': [], 'new_chat_members': [], 'new_chat_photo': [], 'delete_chat_photo': False, 'group_chat_created': False, 'supergroup_chat_created': False, 'channel_chat_created': False, 'from': {'id': 464137258, 'first_name': 'Никита', 'is_bot': False, 'last_name': 'Кузнецов', 'username': 'Gesterezi', 'language_code': 'ru'}}
{'message_id': 1416, 'date': 1612551825, 'chat': {'id': 464137258, 'type': 'private', 'username': 'Gesterezi', 'first_name': 'Никита', 'last_name': 'Кузнецов'}, 'text': 'fsdfsx', 'entities': [], 'caption_entities': [], 'photo': [], 'new_chat_members': [], 'new_chat_photo': [], 'delete_chat_photo': False, 'group_chat_created': False, 'supergroup_chat_created': False, 'channel_chat_created': False, 'from': {'id': 464137258, 'first_name': 'Никита', 'is_bot': False, 'last_name': 'Кузнецов', 'username': 'Gesterezi', 'language_code': 'ru'}}
